02:06:22 **** Incremental Build of configuration Nios II for project hw6_pt2 ****
make all 
Info: Building ../hw6_pt2_bsp/
C:/intelFPGA_lite/16.1/nios2eds/bin/gnu/H-x86_64-mingw32/bin/make --no-print-directory -C ../hw6_pt2_bsp/
[BSP build complete]
Info: Compiling hello_world.c to obj/default/hello_world.o
nios2-elf-gcc -xc -MP -MMD -c -I../hw6_pt2_bsp//HAL/inc -I../hw6_pt2_bsp/ -I../hw6_pt2_bsp//drivers/inc  -pipe -D__hal__ -DALT_NO_INSTRUCTION_EMULATION -DALT_SINGLE_THREADED    -O0 -g -Wall   -mno-hw-div -mhw-mul -mno-hw-mulx -mgpopt=global  -o obj/default/hello_world.o hello_world.c
Info: Linking hw6_pt2.elf
nios2-elf-g++  -T'../hw6_pt2_bsp//linker.x' -msys-crt0='../hw6_pt2_bsp//obj/HAL/src/crt0.o' -msys-lib=hal_bsp -L../hw6_pt2_bsp/   -Wl,-Map=hw6_pt2.map   -O0 -g -Wall   -mno-hw-div -mhw-mul -mno-hw-mulx -mgpopt=global  -o hw6_pt2.elf obj/default/hello_world.o -lm -msys-lib=m
nios2-elf-insert hw6_pt2.elf --thread_model hal --cpu_name nios2_qsys_0 --qsys true --simulation_enabled false --id 16843008 --sidp 0x201000 --timestamp 1697563669 --stderr_dev jtag_uart_0 --stdin_dev jtag_uart_0 --stdout_dev jtag_uart_0 --sopc_system_name niosII_system --quartus_project_dir "D:/hw6" --sopcinfo D:/hw6/software/hw6_pt2_bsp/../../NEW5_niosII_system.sopcinfo
Info: (hw6_pt2.elf) 15 KBytes program size (code + initialized data).
Info:               131050 KBytes free for stack + heap.
Info: Creating hw6_pt2.objdump
nios2-elf-objdump --disassemble --syms --all-header --source hw6_pt2.elf >hw6_pt2.objdump
[hw6_pt2 build complete]
02:06:41 **** Build of configuration Nios II for project hw6_pt2 ****
make all 
Info: Building ../hw6_pt2_bsp/
C:/intelFPGA_lite/16.1/nios2eds/bin/gnu/H-x86_64-mingw32/bin/make --no-print-directory -C ../hw6_pt2_bsp/
[BSP build complete]
[hw6_pt2 build complete]
02:06:42 **** Incremental Build of configuration Nios II for project hw6_pt2 ****
make all 
Info: Building ../hw6_pt2_bsp/
C:/intelFPGA_lite/16.1/nios2eds/bin/gnu/H-x86_64-mingw32/bin/make --no-print-directory -C ../hw6_pt2_bsp/
[BSP build complete]
[hw6_pt2 build complete]
02:08:57 **** Build of configuration Nios II for project hw6_pt2 ****
make all 
Info: Building ../hw6_pt2_bsp/
C:/intelFPGA_lite/16.1/nios2eds/bin/gnu/H-x86_64-mingw32/bin/make --no-print-directory -C ../hw6_pt2_bsp/
[BSP build complete]
Info: Compiling hello_world.c to obj/default/hello_world.o
nios2-elf-gcc -xc -MP -MMD -c -I../hw6_pt2_bsp//HAL/inc -I../hw6_pt2_bsp/ -I../hw6_pt2_bsp//drivers/inc  -pipe -D__hal__ -DALT_NO_INSTRUCTION_EMULATION -DALT_SINGLE_THREADED    -O0 -g -Wall   -mno-hw-div -mhw-mul -mno-hw-mulx -mgpopt=global  -o obj/default/hello_world.o hello_world.c
Info: Linking hw6_pt2.elf
nios2-elf-g++  -T'../hw6_pt2_bsp//linker.x' -msys-crt0='../hw6_pt2_bsp//obj/HAL/src/crt0.o' -msys-lib=hal_bsp -L../hw6_pt2_bsp/   -Wl,-Map=hw6_pt2.map   -O0 -g -Wall   -mno-hw-div -mhw-mul -mno-hw-mulx -mgpopt=global  -o hw6_pt2.elf obj/default/hello_world.o -lm -msys-lib=m
nios2-elf-insert hw6_pt2.elf --thread_model hal --cpu_name nios2_qsys_0 --qsys true --simulation_enabled false --id 16843008 --sidp 0x201000 --timestamp 1697563669 --stderr_dev jtag_uart_0 --stdin_dev jtag_uart_0 --stdout_dev jtag_uart_0 --sopc_system_name niosII_system --quartus_project_dir "D:/hw6" --sopcinfo D:/hw6/software/hw6_pt2_bsp/../../NEW5_niosII_system.sopcinfo
Info: (hw6_pt2.elf) 15 KBytes program size (code + initialized data).
Info:               131050 KBytes free for stack + heap.
Info: Creating hw6_pt2.objdump
nios2-elf-objdump --disassemble --syms --all-header --source hw6_pt2.elf >hw6_pt2.objdump
[hw6_pt2 build complete]
02:09:02 **** Incremental Build of configuration Nios II for project hw6_pt2 ****
make all 
Info: Building ../hw6_pt2_bsp/
C:/intelFPGA_lite/16.1/nios2eds/bin/gnu/H-x86_64-mingw32/bin/make --no-print-directory -C ../hw6_pt2_bsp/
[BSP build complete]
[hw6_pt2 build complete]
02:09:58 **** Build of configuration Nios II for project hw6_pt2 ****
make all 
Info: Building ../hw6_pt2_bsp/
C:/intelFPGA_lite/16.1/nios2eds/bin/gnu/H-x86_64-mingw32/bin/make --no-print-directory -C ../hw6_pt2_bsp/
[BSP build complete]
[hw6_pt2 build complete]
02:10:00 **** Incremental Build of configuration Nios II for project hw6_pt2 ****
make all 
Info: Building ../hw6_pt2_bsp/
C:/intelFPGA_lite/16.1/nios2eds/bin/gnu/H-x86_64-mingw32/bin/make --no-print-directory -C ../hw6_pt2_bsp/
[BSP build complete]
Info: Compiling hello_world.c to obj/default/hello_world.o
nios2-elf-gcc -xc -MP -MMD -c -I../hw6_pt2_bsp//HAL/inc -I../hw6_pt2_bsp/ -I../hw6_pt2_bsp//drivers/inc  -pipe -D__hal__ -DALT_NO_INSTRUCTION_EMULATION -DALT_SINGLE_THREADED    -O0 -g -Wall   -mno-hw-div -mhw-mul -mno-hw-mulx -mgpopt=global  -o obj/default/hello_world.o hello_world.c
Info: Linking hw6_pt2.elf
nios2-elf-g++  -T'../hw6_pt2_bsp//linker.x' -msys-crt0='../hw6_pt2_bsp//obj/HAL/src/crt0.o' -msys-lib=hal_bsp -L../hw6_pt2_bsp/   -Wl,-Map=hw6_pt2.map   -O0 -g -Wall   -mno-hw-div -mhw-mul -mno-hw-mulx -mgpopt=global  -o hw6_pt2.elf obj/default/hello_world.o -lm -msys-lib=m
nios2-elf-insert hw6_pt2.elf --thread_model hal --cpu_name nios2_qsys_0 --qsys true --simulation_enabled false --id 16843008 --sidp 0x201000 --timestamp 1697563669 --stderr_dev jtag_uart_0 --stdin_dev jtag_uart_0 --stdout_dev jtag_uart_0 --sopc_system_name niosII_system --quartus_project_dir "D:/hw6" --sopcinfo D:/hw6/software/hw6_pt2_bsp/../../NEW5_niosII_system.sopcinfo
Info: (hw6_pt2.elf) 15 KBytes program size (code + initialized data).
Info:               131050 KBytes free for stack + heap.
Info: Creating hw6_pt2.objdump
nios2-elf-objdump --disassemble --syms --all-header --source hw6_pt2.elf >hw6_pt2.objdump
[hw6_pt2 build complete]
02:11:32 **** Build of configuration Nios II for project hw6_pt2 ****
make all 
Info: Building ../hw6_pt2_bsp/
C:/intelFPGA_lite/16.1/nios2eds/bin/gnu/H-x86_64-mingw32/bin/make --no-print-directory -C ../hw6_pt2_bsp/
[BSP build complete]
[hw6_pt2 build complete]
02:11:35 **** Incremental Build of configuration Nios II for project hw6_pt2 ****
make all 
Info: Building ../hw6_pt2_bsp/
C:/intelFPGA_lite/16.1/nios2eds/bin/gnu/H-x86_64-mingw32/bin/make --no-print-directory -C ../hw6_pt2_bsp/
[BSP build complete]
Info: Compiling hello_world.c to obj/default/hello_world.o
nios2-elf-gcc -xc -MP -MMD -c -I../hw6_pt2_bsp//HAL/inc -I../hw6_pt2_bsp/ -I../hw6_pt2_bsp//drivers/inc  -pipe -D__hal__ -DALT_NO_INSTRUCTION_EMULATION -DALT_SINGLE_THREADED    -O0 -g -Wall   -mno-hw-div -mhw-mul -mno-hw-mulx -mgpopt=global  -o obj/default/hello_world.o hello_world.c
Info: Linking hw6_pt2.elf
nios2-elf-g++  -T'../hw6_pt2_bsp//linker.x' -msys-crt0='../hw6_pt2_bsp//obj/HAL/src/crt0.o' -msys-lib=hal_bsp -L../hw6_pt2_bsp/   -Wl,-Map=hw6_pt2.map   -O0 -g -Wall   -mno-hw-div -mhw-mul -mno-hw-mulx -mgpopt=global  -o hw6_pt2.elf obj/default/hello_world.o -lm -msys-lib=m
nios2-elf-insert hw6_pt2.elf --thread_model hal --cpu_name nios2_qsys_0 --qsys true --simulation_enabled false --id 16843008 --sidp 0x201000 --timestamp 1697563669 --stderr_dev jtag_uart_0 --stdin_dev jtag_uart_0 --stdout_dev jtag_uart_0 --sopc_system_name niosII_system --quartus_project_dir "D:/hw6" --sopcinfo D:/hw6/software/hw6_pt2_bsp/../../NEW5_niosII_system.sopcinfo
Info: (hw6_pt2.elf) 15 KBytes program size (code + initialized data).
Info:               131050 KBytes free for stack + heap.
Info: Creating hw6_pt2.objdump
nios2-elf-objdump --disassemble --syms --all-header --source hw6_pt2.elf >hw6_pt2.objdump
[hw6_pt2 build complete]
02:12:16 **** Build of configuration Nios II for project hw6_pt2 ****
make all 
Info: Building ../hw6_pt2_bsp/
C:/intelFPGA_lite/16.1/nios2eds/bin/gnu/H-x86_64-mingw32/bin/make --no-print-directory -C ../hw6_pt2_bsp/
[BSP build complete]
Info: Compiling hello_world.c to obj/default/hello_world.o
nios2-elf-gcc -xc -MP -MMD -c -I../hw6_pt2_bsp//HAL/inc -I../hw6_pt2_bsp/ -I../hw6_pt2_bsp//drivers/inc  -pipe -D__hal__ -DALT_NO_INSTRUCTION_EMULATION -DALT_SINGLE_THREADED    -O0 -g -Wall   -mno-hw-div -mhw-mul -mno-hw-mulx -mgpopt=global  -o obj/default/hello_world.o hello_world.c
Info: Linking hw6_pt2.elf
nios2-elf-g++  -T'../hw6_pt2_bsp//linker.x' -msys-crt0='../hw6_pt2_bsp//obj/HAL/src/crt0.o' -msys-lib=hal_bsp -L../hw6_pt2_bsp/   -Wl,-Map=hw6_pt2.map   -O0 -g -Wall   -mno-hw-div -mhw-mul -mno-hw-mulx -mgpopt=global  -o hw6_pt2.elf obj/default/hello_world.o -lm -msys-lib=m
nios2-elf-insert hw6_pt2.elf --thread_model hal --cpu_name nios2_qsys_0 --qsys true --simulation_enabled false --id 16843008 --sidp 0x201000 --timestamp 1697563669 --stderr_dev jtag_uart_0 --stdin_dev jtag_uart_0 --stdout_dev jtag_uart_0 --sopc_system_name niosII_system --quartus_project_dir "D:/hw6" --sopcinfo D:/hw6/software/hw6_pt2_bsp/../../NEW5_niosII_system.sopcinfo
Info: (hw6_pt2.elf) 15 KBytes program size (code + initialized data).
Info:               131050 KBytes free for stack + heap.
Info: Creating hw6_pt2.objdump
nios2-elf-objdump --disassemble --syms --all-header --source hw6_pt2.elf >hw6_pt2.objdump
[hw6_pt2 build complete]
02:12:18 **** Incremental Build of configuration Nios II for project hw6_pt2 ****
make all 
Info: Building ../hw6_pt2_bsp/
C:/intelFPGA_lite/16.1/nios2eds/bin/gnu/H-x86_64-mingw32/bin/make --no-print-directory -C ../hw6_pt2_bsp/
[BSP build complete]
[hw6_pt2 build complete]
02:14:12 **** Incremental Build of configuration Nios II for project hw6_pt2 ****
make all 
Info: Building ../hw6_pt2_bsp/
C:/intelFPGA_lite/16.1/nios2eds/bin/gnu/H-x86_64-mingw32/bin/make --no-print-directory -C ../hw6_pt2_bsp/
[BSP build complete]
Info: Compiling hello_world.c to obj/default/hello_world.o
nios2-elf-gcc -xc -MP -MMD -c -I../hw6_pt2_bsp//HAL/inc -I../hw6_pt2_bsp/ -I../hw6_pt2_bsp//drivers/inc  -pipe -D__hal__ -DALT_NO_INSTRUCTION_EMULATION -DALT_SINGLE_THREADED    -O0 -g -Wall   -mno-hw-div -mhw-mul -mno-hw-mulx -mgpopt=global  -o obj/default/hello_world.o hello_world.c
Info: Linking hw6_pt2.elf
nios2-elf-g++  -T'../hw6_pt2_bsp//linker.x' -msys-crt0='../hw6_pt2_bsp//obj/HAL/src/crt0.o' -msys-lib=hal_bsp -L../hw6_pt2_bsp/   -Wl,-Map=hw6_pt2.map   -O0 -g -Wall   -mno-hw-div -mhw-mul -mno-hw-mulx -mgpopt=global  -o hw6_pt2.elf obj/default/hello_world.o -lm -msys-lib=m
nios2-elf-insert hw6_pt2.elf --thread_model hal --cpu_name nios2_qsys_0 --qsys true --simulation_enabled false --id 16843008 --sidp 0x201000 --timestamp 1697563669 --stderr_dev jtag_uart_0 --stdin_dev jtag_uart_0 --stdout_dev jtag_uart_0 --sopc_system_name niosII_system --quartus_project_dir "D:/hw6" --sopcinfo D:/hw6/software/hw6_pt2_bsp/../../NEW5_niosII_system.sopcinfo
Info: (hw6_pt2.elf) 15 KBytes program size (code + initialized data).
Info:               131050 KBytes free for stack + heap.
Info: Creating hw6_pt2.objdump
nios2-elf-objdump --disassemble --syms --all-header --source hw6_pt2.elf >hw6_pt2.objdump
[hw6_pt2 build complete]
02:15:03 **** Incremental Build of configuration Nios II for project hw6_pt2 ****
make all 
Info: Building ../hw6_pt2_bsp/
C:/intelFPGA_lite/16.1/nios2eds/bin/gnu/H-x86_64-mingw32/bin/make --no-print-directory -C ../hw6_pt2_bsp/
[BSP build complete]
Info: Compiling hello_world.c to obj/default/hello_world.o
nios2-elf-gcc -xc -MP -MMD -c -I../hw6_pt2_bsp//HAL/inc -I../hw6_pt2_bsp/ -I../hw6_pt2_bsp//drivers/inc  -pipe -D__hal__ -DALT_NO_INSTRUCTION_EMULATION -DALT_SINGLE_THREADED    -O0 -g -Wall   -mno-hw-div -mhw-mul -mno-hw-mulx -mgpopt=global  -o obj/default/hello_world.o hello_world.c
Info: Linking hw6_pt2.elf
nios2-elf-g++  -T'../hw6_pt2_bsp//linker.x' -msys-crt0='../hw6_pt2_bsp//obj/HAL/src/crt0.o' -msys-lib=hal_bsp -L../hw6_pt2_bsp/   -Wl,-Map=hw6_pt2.map   -O0 -g -Wall   -mno-hw-div -mhw-mul -mno-hw-mulx -mgpopt=global  -o hw6_pt2.elf obj/default/hello_world.o -lm -msys-lib=m
nios2-elf-insert hw6_pt2.elf --thread_model hal --cpu_name nios2_qsys_0 --qsys true --simulation_enabled false --id 16843008 --sidp 0x201000 --timestamp 1697563669 --stderr_dev jtag_uart_0 --stdin_dev jtag_uart_0 --stdout_dev jtag_uart_0 --sopc_system_name niosII_system --quartus_project_dir "D:/hw6" --sopcinfo D:/hw6/software/hw6_pt2_bsp/../../NEW5_niosII_system.sopcinfo
Info: (hw6_pt2.elf) 15 KBytes program size (code + initialized data).
Info:               131050 KBytes free for stack + heap.
Info: Creating hw6_pt2.objdump
nios2-elf-objdump --disassemble --syms --all-header --source hw6_pt2.elf >hw6_pt2.objdump
[hw6_pt2 build complete]
02:17:32 **** Incremental Build of configuration Nios II for project hw6_pt2 ****
make all 
Info: Building ../hw6_pt2_bsp/
C:/intelFPGA_lite/16.1/nios2eds/bin/gnu/H-x86_64-mingw32/bin/make --no-print-directory -C ../hw6_pt2_bsp/
[BSP build complete]
Info: Compiling hello_world.c to obj/default/hello_world.o
nios2-elf-gcc -xc -MP -MMD -c -I../hw6_pt2_bsp//HAL/inc -I../hw6_pt2_bsp/ -I../hw6_pt2_bsp//drivers/inc  -pipe -D__hal__ -DALT_NO_INSTRUCTION_EMULATION -DALT_SINGLE_THREADED    -O0 -g -Wall   -mno-hw-div -mhw-mul -mno-hw-mulx -mgpopt=global  -o obj/default/hello_world.o hello_world.c
Info: Linking hw6_pt2.elf
nios2-elf-g++  -T'../hw6_pt2_bsp//linker.x' -msys-crt0='../hw6_pt2_bsp//obj/HAL/src/crt0.o' -msys-lib=hal_bsp -L../hw6_pt2_bsp/   -Wl,-Map=hw6_pt2.map   -O0 -g -Wall   -mno-hw-div -mhw-mul -mno-hw-mulx -mgpopt=global  -o hw6_pt2.elf obj/default/hello_world.o -lm -msys-lib=m
nios2-elf-insert hw6_pt2.elf --thread_model hal --cpu_name nios2_qsys_0 --qsys true --simulation_enabled false --id 16843008 --sidp 0x201000 --timestamp 1697563669 --stderr_dev jtag_uart_0 --stdin_dev jtag_uart_0 --stdout_dev jtag_uart_0 --sopc_system_name niosII_system --quartus_project_dir "D:/hw6" --sopcinfo D:/hw6/software/hw6_pt2_bsp/../../NEW5_niosII_system.sopcinfo
Info: (hw6_pt2.elf) 15 KBytes program size (code + initialized data).
Info:               131050 KBytes free for stack + heap.
Info: Creating hw6_pt2.objdump
nios2-elf-objdump --disassemble --syms --all-header --source hw6_pt2.elf >hw6_pt2.objdump
[hw6_pt2 build complete]
02:17:52 **** Incremental Build of configuration Nios II for project hw6_pt2 ****
make all 
Info: Building ../hw6_pt2_bsp/
C:/intelFPGA_lite/16.1/nios2eds/bin/gnu/H-x86_64-mingw32/bin/make --no-print-directory -C ../hw6_pt2_bsp/
[BSP build complete]
[hw6_pt2 build complete]
02:21:12 **** Incremental Build of configuration Nios II for project hw6_pt2 ****
make all 
Info: Building ../hw6_pt2_bsp/
C:/intelFPGA_lite/16.1/nios2eds/bin/gnu/H-x86_64-mingw32/bin/make --no-print-directory -C ../hw6_pt2_bsp/
[BSP build complete]
Info: Compiling hello_world.c to obj/default/hello_world.o
nios2-elf-gcc -xc -MP -MMD -c -I../hw6_pt2_bsp//HAL/inc -I../hw6_pt2_bsp/ -I../hw6_pt2_bsp//drivers/inc  -pipe -D__hal__ -DALT_NO_INSTRUCTION_EMULATION -DALT_SINGLE_THREADED    -O0 -g -Wall   -mno-hw-div -mhw-mul -mno-hw-mulx -mgpopt=global  -o obj/default/hello_world.o hello_world.c
Info: Linking hw6_pt2.elf
nios2-elf-g++  -T'../hw6_pt2_bsp//linker.x' -msys-crt0='../hw6_pt2_bsp//obj/HAL/src/crt0.o' -msys-lib=hal_bsp -L../hw6_pt2_bsp/   -Wl,-Map=hw6_pt2.map   -O0 -g -Wall   -mno-hw-div -mhw-mul -mno-hw-mulx -mgpopt=global  -o hw6_pt2.elf obj/default/hello_world.o -lm -msys-lib=m
nios2-elf-insert hw6_pt2.elf --thread_model hal --cpu_name nios2_qsys_0 --qsys true --simulation_enabled false --id 16843008 --sidp 0x201000 --timestamp 1697563669 --stderr_dev jtag_uart_0 --stdin_dev jtag_uart_0 --stdout_dev jtag_uart_0 --sopc_system_name niosII_system --quartus_project_dir "D:/hw6" --sopcinfo D:/hw6/software/hw6_pt2_bsp/../../NEW5_niosII_system.sopcinfo
Info: (hw6_pt2.elf) 15 KBytes program size (code + initialized data).
Info:               131050 KBytes free for stack + heap.
Info: Creating hw6_pt2.objdump
nios2-elf-objdump --disassemble --syms --all-header --source hw6_pt2.elf >hw6_pt2.objdump
[hw6_pt2 build complete]
02:22:07 **** Incremental Build of configuration Nios II for project hw6_pt2 ****
make all 
Info: Building ../hw6_pt2_bsp/
C:/intelFPGA_lite/16.1/nios2eds/bin/gnu/H-x86_64-mingw32/bin/make --no-print-directory -C ../hw6_pt2_bsp/
[BSP build complete]
[hw6_pt2 build complete]
02:22:59 **** Incremental Build of configuration Nios II for project hw6_pt2 ****
make all 
Info: Building ../hw6_pt2_bsp/
C:/intelFPGA_lite/16.1/nios2eds/bin/gnu/H-x86_64-mingw32/bin/make --no-print-directory -C ../hw6_pt2_bsp/
[BSP build complete]
Info: Compiling hello_world.c to obj/default/hello_world.o
nios2-elf-gcc -xc -MP -MMD -c -I../hw6_pt2_bsp//HAL/inc -I../hw6_pt2_bsp/ -I../hw6_pt2_bsp//drivers/inc  -pipe -D__hal__ -DALT_NO_INSTRUCTION_EMULATION -DALT_SINGLE_THREADED    -O0 -g -Wall   -mno-hw-div -mhw-mul -mno-hw-mulx -mgpopt=global  -o obj/default/hello_world.o hello_world.c
Info: Linking hw6_pt2.elf
nios2-elf-g++  -T'../hw6_pt2_bsp//linker.x' -msys-crt0='../hw6_pt2_bsp//obj/HAL/src/crt0.o' -msys-lib=hal_bsp -L../hw6_pt2_bsp/   -Wl,-Map=hw6_pt2.map   -O0 -g -Wall   -mno-hw-div -mhw-mul -mno-hw-mulx -mgpopt=global  -o hw6_pt2.elf obj/default/hello_world.o -lm -msys-lib=m
nios2-elf-insert hw6_pt2.elf --thread_model hal --cpu_name nios2_qsys_0 --qsys true --simulation_enabled false --id 16843008 --sidp 0x201000 --timestamp 1697563669 --stderr_dev jtag_uart_0 --stdin_dev jtag_uart_0 --stdout_dev jtag_uart_0 --sopc_system_name niosII_system --quartus_project_dir "D:/hw6" --sopcinfo D:/hw6/software/hw6_pt2_bsp/../../NEW5_niosII_system.sopcinfo
Info: (hw6_pt2.elf) 15 KBytes program size (code + initialized data).
Info:               131050 KBytes free for stack + heap.
Info: Creating hw6_pt2.objdump
nios2-elf-objdump --disassemble --syms --all-header --source hw6_pt2.elf >hw6_pt2.objdump
[hw6_pt2 build complete]
02:25:42 **** Incremental Build of configuration Nios II for project hw6_pt2 ****
make all 
Info: Building ../hw6_pt2_bsp/
C:/intelFPGA_lite/16.1/nios2eds/bin/gnu/H-x86_64-mingw32/bin/make --no-print-directory -C ../hw6_pt2_bsp/
[BSP build complete]
Info: Compiling hello_world.c to obj/default/hello_world.o
nios2-elf-gcc -xc -MP -MMD -c -I../hw6_pt2_bsp//HAL/inc -I../hw6_pt2_bsp/ -I../hw6_pt2_bsp//drivers/inc  -pipe -D__hal__ -DALT_NO_INSTRUCTION_EMULATION -DALT_SINGLE_THREADED    -O0 -g -Wall   -mno-hw-div -mhw-mul -mno-hw-mulx -mgpopt=global  -o obj/default/hello_world.o hello_world.c
Info: Linking hw6_pt2.elf
nios2-elf-g++  -T'../hw6_pt2_bsp//linker.x' -msys-crt0='../hw6_pt2_bsp//obj/HAL/src/crt0.o' -msys-lib=hal_bsp -L../hw6_pt2_bsp/   -Wl,-Map=hw6_pt2.map   -O0 -g -Wall   -mno-hw-div -mhw-mul -mno-hw-mulx -mgpopt=global  -o hw6_pt2.elf obj/default/hello_world.o -lm -msys-lib=m
nios2-elf-insert hw6_pt2.elf --thread_model hal --cpu_name nios2_qsys_0 --qsys true --simulation_enabled false --id 16843008 --sidp 0x201000 --timestamp 1697563669 --stderr_dev jtag_uart_0 --stdin_dev jtag_uart_0 --stdout_dev jtag_uart_0 --sopc_system_name niosII_system --quartus_project_dir "D:/hw6" --sopcinfo D:/hw6/software/hw6_pt2_bsp/../../NEW5_niosII_system.sopcinfo
Info: (hw6_pt2.elf) 15 KBytes program size (code + initialized data).
Info:               131050 KBytes free for stack + heap.
Info: Creating hw6_pt2.objdump
nios2-elf-objdump --disassemble --syms --all-header --source hw6_pt2.elf >hw6_pt2.objdump
[hw6_pt2 build complete]
02:27:47 **** Incremental Build of configuration Nios II for project hw6_pt2 ****
make all 
Info: Building ../hw6_pt2_bsp/
C:/intelFPGA_lite/16.1/nios2eds/bin/gnu/H-x86_64-mingw32/bin/make --no-print-directory -C ../hw6_pt2_bsp/
[BSP build complete]
Info: Compiling hello_world.c to obj/default/hello_world.o
nios2-elf-gcc -xc -MP -MMD -c -I../hw6_pt2_bsp//HAL/inc -I../hw6_pt2_bsp/ -I../hw6_pt2_bsp//drivers/inc  -pipe -D__hal__ -DALT_NO_INSTRUCTION_EMULATION -DALT_SINGLE_THREADED    -O0 -g -Wall   -mno-hw-div -mhw-mul -mno-hw-mulx -mgpopt=global  -o obj/default/hello_world.o hello_world.c
hello_world.c:108:13: warning: 'key3_isr' defined but not used [-Wunused-function]
 static void key3_isr(){
             ^
Info: Linking hw6_pt2.elf
nios2-elf-g++  -T'../hw6_pt2_bsp//linker.x' -msys-crt0='../hw6_pt2_bsp//obj/HAL/src/crt0.o' -msys-lib=hal_bsp -L../hw6_pt2_bsp/   -Wl,-Map=hw6_pt2.map   -O0 -g -Wall   -mno-hw-div -mhw-mul -mno-hw-mulx -mgpopt=global  -o hw6_pt2.elf obj/default/hello_world.o -lm -msys-lib=m
nios2-elf-insert hw6_pt2.elf --thread_model hal --cpu_name nios2_qsys_0 --qsys true --simulation_enabled false --id 16843008 --sidp 0x201000 --timestamp 1697563669 --stderr_dev jtag_uart_0 --stdin_dev jtag_uart_0 --stdout_dev jtag_uart_0 --sopc_system_name niosII_system --quartus_project_dir "D:/hw6" --sopcinfo D:/hw6/software/hw6_pt2_bsp/../../NEW5_niosII_system.sopcinfo
Info: (hw6_pt2.elf) 16 KBytes program size (code + initialized data).
Info:               131050 KBytes free for stack + heap.
Info: Creating hw6_pt2.objdump
nios2-elf-objdump --disassemble --syms --all-header --source hw6_pt2.elf >hw6_pt2.objdump
[hw6_pt2 build complete]
02:29:03 **** Incremental Build of configuration Nios II for project hw6_pt2 ****
make all 
Info: Building ../hw6_pt2_bsp/
C:/intelFPGA_lite/16.1/nios2eds/bin/gnu/H-x86_64-mingw32/bin/make --no-print-directory -C ../hw6_pt2_bsp/
[BSP build complete]
Info: Compiling hello_world.c to obj/default/hello_world.o
nios2-elf-gcc -xc -MP -MMD -c -I../hw6_pt2_bsp//HAL/inc -I../hw6_pt2_bsp/ -I../hw6_pt2_bsp//drivers/inc  -pipe -D__hal__ -DALT_NO_INSTRUCTION_EMULATION -DALT_SINGLE_THREADED    -O0 -g -Wall   -mno-hw-div -mhw-mul -mno-hw-mulx -mgpopt=global  -o obj/default/hello_world.o hello_world.c
Info: Linking hw6_pt2.elf
nios2-elf-g++  -T'../hw6_pt2_bsp//linker.x' -msys-crt0='../hw6_pt2_bsp//obj/HAL/src/crt0.o' -msys-lib=hal_bsp -L../hw6_pt2_bsp/   -Wl,-Map=hw6_pt2.map   -O0 -g -Wall   -mno-hw-div -mhw-mul -mno-hw-mulx -mgpopt=global  -o hw6_pt2.elf obj/default/hello_world.o -lm -msys-lib=m
nios2-elf-insert hw6_pt2.elf --thread_model hal --cpu_name nios2_qsys_0 --qsys true --simulation_enabled false --id 16843008 --sidp 0x201000 --timestamp 1697563669 --stderr_dev jtag_uart_0 --stdin_dev jtag_uart_0 --stdout_dev jtag_uart_0 --sopc_system_name niosII_system --quartus_project_dir "D:/hw6" --sopcinfo D:/hw6/software/hw6_pt2_bsp/../../NEW5_niosII_system.sopcinfo
Info: (hw6_pt2.elf) 16 KBytes program size (code + initialized data).
Info:               131050 KBytes free for stack + heap.
Info: Creating hw6_pt2.objdump
nios2-elf-objdump --disassemble --syms --all-header --source hw6_pt2.elf >hw6_pt2.objdump
[hw6_pt2 build complete]
02:29:42 **** Incremental Build of configuration Nios II for project hw6_pt2 ****
make all 
Info: Building ../hw6_pt2_bsp/
C:/intelFPGA_lite/16.1/nios2eds/bin/gnu/H-x86_64-mingw32/bin/make --no-print-directory -C ../hw6_pt2_bsp/
[BSP build complete]
Info: Compiling hello_world.c to obj/default/hello_world.o
nios2-elf-gcc -xc -MP -MMD -c -I../hw6_pt2_bsp//HAL/inc -I../hw6_pt2_bsp/ -I../hw6_pt2_bsp//drivers/inc  -pipe -D__hal__ -DALT_NO_INSTRUCTION_EMULATION -DALT_SINGLE_THREADED    -O0 -g -Wall   -mno-hw-div -mhw-mul -mno-hw-mulx -mgpopt=global  -o obj/default/hello_world.o hello_world.c
Info: Linking hw6_pt2.elf
nios2-elf-g++  -T'../hw6_pt2_bsp//linker.x' -msys-crt0='../hw6_pt2_bsp//obj/HAL/src/crt0.o' -msys-lib=hal_bsp -L../hw6_pt2_bsp/   -Wl,-Map=hw6_pt2.map   -O0 -g -Wall   -mno-hw-div -mhw-mul -mno-hw-mulx -mgpopt=global  -o hw6_pt2.elf obj/default/hello_world.o -lm -msys-lib=m
nios2-elf-insert hw6_pt2.elf --thread_model hal --cpu_name nios2_qsys_0 --qsys true --simulation_enabled false --id 16843008 --sidp 0x201000 --timestamp 1697563669 --stderr_dev jtag_uart_0 --stdin_dev jtag_uart_0 --stdout_dev jtag_uart_0 --sopc_system_name niosII_system --quartus_project_dir "D:/hw6" --sopcinfo D:/hw6/software/hw6_pt2_bsp/../../NEW5_niosII_system.sopcinfo
Info: (hw6_pt2.elf) 16 KBytes program size (code + initialized data).
Info:               131050 KBytes free for stack + heap.
Info: Creating hw6_pt2.objdump
nios2-elf-objdump --disassemble --syms --all-header --source hw6_pt2.elf >hw6_pt2.objdump
[hw6_pt2 build complete]
02:30:49 **** Incremental Build of configuration Nios II for project hw6_pt2 ****
make all 
Info: Building ../hw6_pt2_bsp/
C:/intelFPGA_lite/16.1/nios2eds/bin/gnu/H-x86_64-mingw32/bin/make --no-print-directory -C ../hw6_pt2_bsp/
[BSP build complete]
Info: Compiling hello_world.c to obj/default/hello_world.o
nios2-elf-gcc -xc -MP -MMD -c -I../hw6_pt2_bsp//HAL/inc -I../hw6_pt2_bsp/ -I../hw6_pt2_bsp//drivers/inc  -pipe -D__hal__ -DALT_NO_INSTRUCTION_EMULATION -DALT_SINGLE_THREADED    -O0 -g -Wall   -mno-hw-div -mhw-mul -mno-hw-mulx -mgpopt=global  -o obj/default/hello_world.o hello_world.c
Info: Linking hw6_pt2.elf
nios2-elf-g++  -T'../hw6_pt2_bsp//linker.x' -msys-crt0='../hw6_pt2_bsp//obj/HAL/src/crt0.o' -msys-lib=hal_bsp -L../hw6_pt2_bsp/   -Wl,-Map=hw6_pt2.map   -O0 -g -Wall   -mno-hw-div -mhw-mul -mno-hw-mulx -mgpopt=global  -o hw6_pt2.elf obj/default/hello_world.o -lm -msys-lib=m
nios2-elf-insert hw6_pt2.elf --thread_model hal --cpu_name nios2_qsys_0 --qsys true --simulation_enabled false --id 16843008 --sidp 0x201000 --timestamp 1697563669 --stderr_dev jtag_uart_0 --stdin_dev jtag_uart_0 --stdout_dev jtag_uart_0 --sopc_system_name niosII_system --quartus_project_dir "D:/hw6" --sopcinfo D:/hw6/software/hw6_pt2_bsp/../../NEW5_niosII_system.sopcinfo
Info: (hw6_pt2.elf) 16 KBytes program size (code + initialized data).
Info:               131050 KBytes free for stack + heap.
Info: Creating hw6_pt2.objdump
nios2-elf-objdump --disassemble --syms --all-header --source hw6_pt2.elf >hw6_pt2.objdump
[hw6_pt2 build complete]
02:31:48 **** Incremental Build of configuration Nios II for project hw6_pt2 ****
make all 
Info: Building ../hw6_pt2_bsp/
C:/intelFPGA_lite/16.1/nios2eds/bin/gnu/H-x86_64-mingw32/bin/make --no-print-directory -C ../hw6_pt2_bsp/
[BSP build complete]
Info: Compiling hello_world.c to obj/default/hello_world.o
nios2-elf-gcc -xc -MP -MMD -c -I../hw6_pt2_bsp//HAL/inc -I../hw6_pt2_bsp/ -I../hw6_pt2_bsp//drivers/inc  -pipe -D__hal__ -DALT_NO_INSTRUCTION_EMULATION -DALT_SINGLE_THREADED    -O0 -g -Wall   -mno-hw-div -mhw-mul -mno-hw-mulx -mgpopt=global  -o obj/default/hello_world.o hello_world.c
Info: Linking hw6_pt2.elf
nios2-elf-g++  -T'../hw6_pt2_bsp//linker.x' -msys-crt0='../hw6_pt2_bsp//obj/HAL/src/crt0.o' -msys-lib=hal_bsp -L../hw6_pt2_bsp/   -Wl,-Map=hw6_pt2.map   -O0 -g -Wall   -mno-hw-div -mhw-mul -mno-hw-mulx -mgpopt=global  -o hw6_pt2.elf obj/default/hello_world.o -lm -msys-lib=m
nios2-elf-insert hw6_pt2.elf --thread_model hal --cpu_name nios2_qsys_0 --qsys true --simulation_enabled false --id 16843008 --sidp 0x201000 --timestamp 1697563669 --stderr_dev jtag_uart_0 --stdin_dev jtag_uart_0 --stdout_dev jtag_uart_0 --sopc_system_name niosII_system --quartus_project_dir "D:/hw6" --sopcinfo D:/hw6/software/hw6_pt2_bsp/../../NEW5_niosII_system.sopcinfo
Info: (hw6_pt2.elf) 16 KBytes program size (code + initialized data).
Info:               131050 KBytes free for stack + heap.
Info: Creating hw6_pt2.objdump
nios2-elf-objdump --disassemble --syms --all-header --source hw6_pt2.elf >hw6_pt2.objdump
[hw6_pt2 build complete]
02:32:31 **** Incremental Build of configuration Nios II for project hw6_pt2 ****
make all 
Info: Building ../hw6_pt2_bsp/
C:/intelFPGA_lite/16.1/nios2eds/bin/gnu/H-x86_64-mingw32/bin/make --no-print-directory -C ../hw6_pt2_bsp/
[BSP build complete]
Info: Compiling hello_world.c to obj/default/hello_world.o
nios2-elf-gcc -xc -MP -MMD -c -I../hw6_pt2_bsp//HAL/inc -I../hw6_pt2_bsp/ -I../hw6_pt2_bsp//drivers/inc  -pipe -D__hal__ -DALT_NO_INSTRUCTION_EMULATION -DALT_SINGLE_THREADED    -O0 -g -Wall   -mno-hw-div -mhw-mul -mno-hw-mulx -mgpopt=global  -o obj/default/hello_world.o hello_world.c
Info: Linking hw6_pt2.elf
nios2-elf-g++  -T'../hw6_pt2_bsp//linker.x' -msys-crt0='../hw6_pt2_bsp//obj/HAL/src/crt0.o' -msys-lib=hal_bsp -L../hw6_pt2_bsp/   -Wl,-Map=hw6_pt2.map   -O0 -g -Wall   -mno-hw-div -mhw-mul -mno-hw-mulx -mgpopt=global  -o hw6_pt2.elf obj/default/hello_world.o -lm -msys-lib=m
nios2-elf-insert hw6_pt2.elf --thread_model hal --cpu_name nios2_qsys_0 --qsys true --simulation_enabled false --id 16843008 --sidp 0x201000 --timestamp 1697563669 --stderr_dev jtag_uart_0 --stdin_dev jtag_uart_0 --stdout_dev jtag_uart_0 --sopc_system_name niosII_system --quartus_project_dir "D:/hw6" --sopcinfo D:/hw6/software/hw6_pt2_bsp/../../NEW5_niosII_system.sopcinfo
Info: (hw6_pt2.elf) 16 KBytes program size (code + initialized data).
Info:               131050 KBytes free for stack + heap.
Info: Creating hw6_pt2.objdump
nios2-elf-objdump --disassemble --syms --all-header --source hw6_pt2.elf >hw6_pt2.objdump
[hw6_pt2 build complete]
02:35:35 **** Incremental Build of configuration Nios II for project hw6_pt2 ****
make all 
Info: Building ../hw6_pt2_bsp/
C:/intelFPGA_lite/16.1/nios2eds/bin/gnu/H-x86_64-mingw32/bin/make --no-print-directory -C ../hw6_pt2_bsp/
[BSP build complete]
Info: Compiling hello_world.c to obj/default/hello_world.o
nios2-elf-gcc -xc -MP -MMD -c -I../hw6_pt2_bsp//HAL/inc -I../hw6_pt2_bsp/ -I../hw6_pt2_bsp//drivers/inc  -pipe -D__hal__ -DALT_NO_INSTRUCTION_EMULATION -DALT_SINGLE_THREADED    -O0 -g -Wall   -mno-hw-div -mhw-mul -mno-hw-mulx -mgpopt=global  -o obj/default/hello_world.o hello_world.c
Info: Linking hw6_pt2.elf
nios2-elf-g++  -T'../hw6_pt2_bsp//linker.x' -msys-crt0='../hw6_pt2_bsp//obj/HAL/src/crt0.o' -msys-lib=hal_bsp -L../hw6_pt2_bsp/   -Wl,-Map=hw6_pt2.map   -O0 -g -Wall   -mno-hw-div -mhw-mul -mno-hw-mulx -mgpopt=global  -o hw6_pt2.elf obj/default/hello_world.o -lm -msys-lib=m
nios2-elf-insert hw6_pt2.elf --thread_model hal --cpu_name nios2_qsys_0 --qsys true --simulation_enabled false --id 16843008 --sidp 0x201000 --timestamp 1697563669 --stderr_dev jtag_uart_0 --stdin_dev jtag_uart_0 --stdout_dev jtag_uart_0 --sopc_system_name niosII_system --quartus_project_dir "D:/hw6" --sopcinfo D:/hw6/software/hw6_pt2_bsp/../../NEW5_niosII_system.sopcinfo
Info: (hw6_pt2.elf) 69 KBytes program size (code + initialized data).
Info:               130996 KBytes free for stack + heap.
Info: Creating hw6_pt2.objdump
nios2-elf-objdump --disassemble --syms --all-header --source hw6_pt2.elf >hw6_pt2.objdump
[hw6_pt2 build complete]
02:36:31 **** Incremental Build of configuration Nios II for project hw6_pt2 ****
make all 
Info: Building ../hw6_pt2_bsp/
C:/intelFPGA_lite/16.1/nios2eds/bin/gnu/H-x86_64-mingw32/bin/make --no-print-directory -C ../hw6_pt2_bsp/
[BSP build complete]
Info: Compiling hello_world.c to obj/default/hello_world.o
nios2-elf-gcc -xc -MP -MMD -c -I../hw6_pt2_bsp//HAL/inc -I../hw6_pt2_bsp/ -I../hw6_pt2_bsp//drivers/inc  -pipe -D__hal__ -DALT_NO_INSTRUCTION_EMULATION -DALT_SINGLE_THREADED    -O0 -g -Wall   -mno-hw-div -mhw-mul -mno-hw-mulx -mgpopt=global  -o obj/default/hello_world.o hello_world.c
Info: Linking hw6_pt2.elf
nios2-elf-g++  -T'../hw6_pt2_bsp//linker.x' -msys-crt0='../hw6_pt2_bsp//obj/HAL/src/crt0.o' -msys-lib=hal_bsp -L../hw6_pt2_bsp/   -Wl,-Map=hw6_pt2.map   -O0 -g -Wall   -mno-hw-div -mhw-mul -mno-hw-mulx -mgpopt=global  -o hw6_pt2.elf obj/default/hello_world.o -lm -msys-lib=m
nios2-elf-insert hw6_pt2.elf --thread_model hal --cpu_name nios2_qsys_0 --qsys true --simulation_enabled false --id 16843008 --sidp 0x201000 --timestamp 1697563669 --stderr_dev jtag_uart_0 --stdin_dev jtag_uart_0 --stdout_dev jtag_uart_0 --sopc_system_name niosII_system --quartus_project_dir "D:/hw6" --sopcinfo D:/hw6/software/hw6_pt2_bsp/../../NEW5_niosII_system.sopcinfo
Info: (hw6_pt2.elf) 69 KBytes program size (code + initialized data).
Info:               130996 KBytes free for stack + heap.
Info: Creating hw6_pt2.objdump
nios2-elf-objdump --disassemble --syms --all-header --source hw6_pt2.elf >hw6_pt2.objdump
[hw6_pt2 build complete]
02:37:12 **** Incremental Build of configuration Nios II for project hw6_pt2 ****
make all 
Info: Building ../hw6_pt2_bsp/
C:/intelFPGA_lite/16.1/nios2eds/bin/gnu/H-x86_64-mingw32/bin/make --no-print-directory -C ../hw6_pt2_bsp/
[BSP build complete]
Info: Compiling hello_world.c to obj/default/hello_world.o
nios2-elf-gcc -xc -MP -MMD -c -I../hw6_pt2_bsp//HAL/inc -I../hw6_pt2_bsp/ -I../hw6_pt2_bsp//drivers/inc  -pipe -D__hal__ -DALT_NO_INSTRUCTION_EMULATION -DALT_SINGLE_THREADED    -O0 -g -Wall   -mno-hw-div -mhw-mul -mno-hw-mulx -mgpopt=global  -o obj/default/hello_world.o hello_world.c
Info: Linking hw6_pt2.elf
nios2-elf-g++  -T'../hw6_pt2_bsp//linker.x' -msys-crt0='../hw6_pt2_bsp//obj/HAL/src/crt0.o' -msys-lib=hal_bsp -L../hw6_pt2_bsp/   -Wl,-Map=hw6_pt2.map   -O0 -g -Wall   -mno-hw-div -mhw-mul -mno-hw-mulx -mgpopt=global  -o hw6_pt2.elf obj/default/hello_world.o -lm -msys-lib=m
nios2-elf-insert hw6_pt2.elf --thread_model hal --cpu_name nios2_qsys_0 --qsys true --simulation_enabled false --id 16843008 --sidp 0x201000 --timestamp 1697563669 --stderr_dev jtag_uart_0 --stdin_dev jtag_uart_0 --stdout_dev jtag_uart_0 --sopc_system_name niosII_system --quartus_project_dir "D:/hw6" --sopcinfo D:/hw6/software/hw6_pt2_bsp/../../NEW5_niosII_system.sopcinfo
Info: (hw6_pt2.elf) 69 KBytes program size (code + initialized data).
Info:               130996 KBytes free for stack + heap.
Info: Creating hw6_pt2.objdump
nios2-elf-objdump --disassemble --syms --all-header --source hw6_pt2.elf >hw6_pt2.objdump
[hw6_pt2 build complete]
